<?xml version="1.0" encoding="UTF-8"?>
<!-- Generated by org.testng.reporters.JUnitXMLReporter -->
<testsuite ignored="1" hostname="Brajans-MacBook-Pro.local" failures="0" tests="1" name="Default test" time="30.068" errors="0" timestamp="2023-01-21T19:55:43 EST">
  <testcase classname="com.mac.springproject.ParentSpringprojectApplicationTests" name="loginPage" time="22.018"/>
  <testcase classname="com.mac.springproject.ParentSpringprojectApplicationTests" name="testSection" time="0.0">
    <ignored/>
  </testcase> <!-- testSection -->
</testsuite> <!-- Default test -->
