<?xml version="1.0" encoding="UTF-8"?>
<!-- Generated by org.testng.reporters.JUnitXMLReporter -->
<testsuite ignored="1" hostname="Brajans-MacBook-Pro.local" failures="0" tests="1" name="Test" time="23.276" errors="0" timestamp="2023-01-16T11:21:15 EST">
  <testcase classname="com.mac.springproject.ParentSpringprojectApplicationTests" name="loginPage" time="13.056"/>
  <testcase classname="com.mac.springproject.ParentSpringprojectApplicationTests" name="testSection" time="0.0">
    <ignored/>
  </testcase> <!-- testSection -->
</testsuite> <!-- Test -->
