<?xml version="1.0" encoding="UTF-8"?>
<testng-results ignored="1" total="2" passed="1" failed="0" skipped="0">
  <reporter-output>
  </reporter-output>
  <suite started-at="2023-01-21T19:55:13 EST" name="Default suite" finished-at="2023-01-21T19:55:43 EST" duration-ms="30068">
    <groups>
    </groups>
    <test started-at="2023-01-21T19:55:13 EST" name="Default test" finished-at="2023-01-21T19:55:43 EST" duration-ms="30068">
      <class name="com.mac.springproject.ParentSpringprojectApplicationTests">
        <test-method is-config="true" signature="springTestContextBeforeTestClass()[pri:0, instance:com.mac.springproject.ParentSpringprojectApplicationTests@bcec031]" started-at="2023-01-21T19:55:13 EST" name="springTestContextBeforeTestClass" finished-at="2023-01-21T19:55:13 EST" duration-ms="20" status="PASS">
          <reporter-output>
          </reporter-output>
        </test-method> <!-- springTestContextBeforeTestClass -->
        <test-method is-config="true" signature="springTestContextPrepareTestInstance()[pri:0, instance:com.mac.springproject.ParentSpringprojectApplicationTests@bcec031]" started-at="2023-01-21T19:55:13 EST" name="springTestContextPrepareTestInstance" finished-at="2023-01-21T19:55:18 EST" depends-on-methods="org.springframework.test.context.testng.AbstractTestNGSpringContextTests.springTestContextBeforeTestClass" duration-ms="4759" status="PASS">
          <reporter-output>
          </reporter-output>
        </test-method> <!-- springTestContextPrepareTestInstance -->
        <test-method is-config="true" signature="setUp()[pri:0, instance:com.mac.springproject.ParentSpringprojectApplicationTests@bcec031]" started-at="2023-01-21T19:55:18 EST" name="setUp" finished-at="2023-01-21T19:55:21 EST" duration-ms="3070" status="PASS">
          <reporter-output>
          </reporter-output>
        </test-method> <!-- setUp -->
        <test-method is-config="true" signature="springTestContextBeforeTestMethod(java.lang.reflect.Method)[pri:0, instance:com.mac.springproject.ParentSpringprojectApplicationTests@bcec031]" started-at="2023-01-21T19:55:21 EST" name="springTestContextBeforeTestMethod" finished-at="2023-01-21T19:55:21 EST" duration-ms="3" status="PASS">
          <params>
            <param index="0">
              <value>
                <![CDATA[void com.mac.springproject.ParentSpringprojectApplicationTests.loginPage() throws java.lang.InterruptedException]]>
              </value>
            </param>
          </params>
          <reporter-output>
          </reporter-output>
        </test-method> <!-- springTestContextBeforeTestMethod -->
        <test-method signature="loginPage()[pri:0, instance:com.mac.springproject.ParentSpringprojectApplicationTests@bcec031]" started-at="2023-01-21T19:55:21 EST" name="loginPage" finished-at="2023-01-21T19:55:43 EST" duration-ms="22018" status="PASS">
          <reporter-output>
          </reporter-output>
        </test-method> <!-- loginPage -->
        <test-method is-config="true" signature="springTestContextAfterTestMethod(java.lang.reflect.Method)[pri:0, instance:com.mac.springproject.ParentSpringprojectApplicationTests@bcec031]" started-at="2023-01-21T19:55:43 EST" name="springTestContextAfterTestMethod" finished-at="2023-01-21T19:55:43 EST" duration-ms="2" status="PASS">
          <params>
            <param index="0">
              <value>
                <![CDATA[void com.mac.springproject.ParentSpringprojectApplicationTests.loginPage() throws java.lang.InterruptedException]]>
              </value>
            </param>
          </params>
          <reporter-output>
          </reporter-output>
        </test-method> <!-- springTestContextAfterTestMethod -->
        <test-method is-config="true" signature="tearDown()[pri:0, instance:com.mac.springproject.ParentSpringprojectApplicationTests@bcec031]" started-at="2023-01-21T19:55:43 EST" name="tearDown" finished-at="2023-01-21T19:55:43 EST" duration-ms="155" status="PASS">
          <reporter-output>
          </reporter-output>
        </test-method> <!-- tearDown -->
        <test-method is-config="true" signature="springTestContextAfterTestClass()[pri:0, instance:com.mac.springproject.ParentSpringprojectApplicationTests@bcec031]" started-at="2023-01-21T19:55:43 EST" name="springTestContextAfterTestClass" finished-at="2023-01-21T19:55:43 EST" duration-ms="1" status="PASS">
          <reporter-output>
          </reporter-output>
        </test-method> <!-- springTestContextAfterTestClass -->
      </class> <!-- com.mac.springproject.ParentSpringprojectApplicationTests -->
    </test> <!-- Default test -->
  </suite> <!-- Default suite -->
</testng-results>
